Determining if the pthread_create exist failed with the following output:
Change Dir: /media/nvidia/32B270B0B2707A65/burak/stereo/project-library/build/CMakeFiles/CMakeTmp

Run Build Command:"/usr/bin/make" "cmTC_729b9/fast"
/usr/bin/make -f CMakeFiles/cmTC_729b9.dir/build.make CMakeFiles/cmTC_729b9.dir/build
make[1]: Entering directory '/media/nvidia/32B270B0B2707A65/burak/stereo/project-library/build/CMakeFiles/CMakeTmp'
Building C object CMakeFiles/cmTC_729b9.dir/CheckSymbolExists.c.o
/usr/bin/cc    -o CMakeFiles/cmTC_729b9.dir/CheckSymbolExists.c.o   -c /media/nvidia/32B270B0B2707A65/burak/stereo/project-library/build/CMakeFiles/CMakeTmp/CheckSymbolExists.c
Linking C executable cmTC_729b9
/usr/bin/cmake -E cmake_link_script CMakeFiles/cmTC_729b9.dir/link.txt --verbose=1
/usr/bin/cc      CMakeFiles/cmTC_729b9.dir/CheckSymbolExists.c.o  -o cmTC_729b9 
CMakeFiles/cmTC_729b9.dir/CheckSymbolExists.c.o: In function `main':
CheckSymbolExists.c:(.text+0x14): undefined reference to `pthread_create'
CheckSymbolExists.c:(.text+0x18): undefined reference to `pthread_create'
collect2: error: ld returned 1 exit status
CMakeFiles/cmTC_729b9.dir/build.make:97: recipe for target 'cmTC_729b9' failed
make[1]: *** [cmTC_729b9] Error 1
make[1]: Leaving directory '/media/nvidia/32B270B0B2707A65/burak/stereo/project-library/build/CMakeFiles/CMakeTmp'
Makefile:126: recipe for target 'cmTC_729b9/fast' failed
make: *** [cmTC_729b9/fast] Error 2

File /media/nvidia/32B270B0B2707A65/burak/stereo/project-library/build/CMakeFiles/CMakeTmp/CheckSymbolExists.c:
/* */
#include <pthread.h>

int main(int argc, char** argv)
{
  (void)argv;
#ifndef pthread_create
  return ((int*)(&pthread_create))[argc];
#else
  (void)argc;
  return 0;
#endif
}

Determining if the function pthread_create exists in the pthreads failed with the following output:
Change Dir: /media/nvidia/32B270B0B2707A65/burak/stereo/project-library/build/CMakeFiles/CMakeTmp

Run Build Command:"/usr/bin/make" "cmTC_692ca/fast"
/usr/bin/make -f CMakeFiles/cmTC_692ca.dir/build.make CMakeFiles/cmTC_692ca.dir/build
make[1]: Entering directory '/media/nvidia/32B270B0B2707A65/burak/stereo/project-library/build/CMakeFiles/CMakeTmp'
Building C object CMakeFiles/cmTC_692ca.dir/CheckFunctionExists.c.o
/usr/bin/cc   -DCHECK_FUNCTION_EXISTS=pthread_create   -o CMakeFiles/cmTC_692ca.dir/CheckFunctionExists.c.o   -c /usr/share/cmake-3.10/Modules/CheckFunctionExists.c
Linking C executable cmTC_692ca
/usr/bin/cmake -E cmake_link_script CMakeFiles/cmTC_692ca.dir/link.txt --verbose=1
/usr/bin/cc  -DCHECK_FUNCTION_EXISTS=pthread_create    CMakeFiles/cmTC_692ca.dir/CheckFunctionExists.c.o  -o cmTC_692ca -lpthreads 
/usr/bin/ld: cannot find -lpthreads
collect2: error: ld returned 1 exit status
CMakeFiles/cmTC_692ca.dir/build.make:97: recipe for target 'cmTC_692ca' failed
make[1]: *** [cmTC_692ca] Error 1
make[1]: Leaving directory '/media/nvidia/32B270B0B2707A65/burak/stereo/project-library/build/CMakeFiles/CMakeTmp'
Makefile:126: recipe for target 'cmTC_692ca/fast' failed
make: *** [cmTC_692ca/fast] Error 2


